2024-04-19 11:34:58,770 - tensorflow - WARNING - From c:\Users\sureshbabu\AppData\Local\anaconda3\envs\conda\Lib\site-packages\tf2onnx\tf_loader.py:68: The name tf.reset_default_graph is deprecated. Please use tf.compat.v1.reset_default_graph instead.

2024-04-19 11:34:59,493 - tensorflow - WARNING - From c:\Users\sureshbabu\AppData\Local\anaconda3\envs\conda\Lib\site-packages\tf2onnx\tf_loader.py:72: The name tf.train.import_meta_graph is deprecated. Please use tf.compat.v1.train.import_meta_graph instead.

2024-04-19 11:35:02,550 - tensorflow - WARNING - From c:\Users\sureshbabu\AppData\Local\anaconda3\envs\conda\Lib\site-packages\keras\src\utils\tf_utils.py:492: The name tf.ragged.RaggedTensorValue is deprecated. Please use tf.compat.v1.ragged.RaggedTensorValue instead.

2024-04-19 11:35:47,087 - tensorflow - WARNING - Callback method `on_train_batch_end` is slow compared to the batch time (batch time: 0.2621s vs `on_train_batch_end` time: 1.7008s). Check your callbacks.
2024-04-19 11:35:55,203 - root - INFO - Epoch 0; loss: 66.77542877197266; CER: 1.8462998867034912; WER: 1.0; val_loss: 27.641098022460938; val_CER: 1.0; val_WER: 1.0
2024-04-19 11:35:59,077 - root - INFO - Epoch 1; loss: 27.836441040039062; CER: 1.0; WER: 1.0; val_loss: 25.156911849975586; val_CER: 1.0; val_WER: 1.0
2024-04-19 11:36:02,909 - root - INFO - Epoch 2; loss: 24.47515296936035; CER: 1.0; WER: 1.0; val_loss: 24.386394500732422; val_CER: 1.0; val_WER: 1.0
2024-04-19 11:36:12,063 - root - INFO - Epoch 3; loss: 23.69942855834961; CER: 1.0; WER: 1.0; val_loss: 23.918195724487305; val_CER: 1.0; val_WER: 1.0
2024-04-19 11:36:21,382 - root - INFO - Epoch 4; loss: 23.51744270324707; CER: 1.0; WER: 1.0; val_loss: 23.752899169921875; val_CER: 1.0; val_WER: 1.0
2024-04-19 11:36:25,960 - root - INFO - Epoch 5; loss: 23.433330535888672; CER: 1.0; WER: 1.0; val_loss: 23.66603660583496; val_CER: 1.0; val_WER: 1.0
2024-04-19 11:36:30,499 - root - INFO - Epoch 6; loss: 23.396371841430664; CER: 1.0; WER: 1.0; val_loss: 23.639081954956055; val_CER: 1.0; val_WER: 1.0
2024-04-19 11:36:35,260 - root - INFO - Epoch 7; loss: 23.362070083618164; CER: 1.0; WER: 1.0; val_loss: 23.617164611816406; val_CER: 1.0; val_WER: 1.0
2024-04-19 11:36:39,733 - root - INFO - Epoch 8; loss: 23.34715461730957; CER: 1.0; WER: 1.0; val_loss: 23.577226638793945; val_CER: 1.0; val_WER: 1.0
2024-04-19 11:36:44,074 - root - INFO - Epoch 9; loss: 23.33217430114746; CER: 1.0; WER: 1.0; val_loss: 23.602018356323242; val_CER: 1.0; val_WER: 1.0
2024-04-19 11:36:53,252 - root - INFO - Epoch 10; loss: 23.326332092285156; CER: 1.0; WER: 1.0; val_loss: 23.59300422668457; val_CER: 1.0; val_WER: 1.0
2024-04-19 11:36:57,531 - root - INFO - Epoch 11; loss: 23.297571182250977; CER: 1.0; WER: 1.0; val_loss: 23.603334426879883; val_CER: 1.0; val_WER: 1.0
2024-04-19 11:37:06,755 - root - INFO - Epoch 12; loss: 23.30557632446289; CER: 1.0; WER: 1.0; val_loss: 23.597715377807617; val_CER: 1.0; val_WER: 1.0
2024-04-19 11:37:11,232 - root - INFO - Epoch 13; loss: 23.286937713623047; CER: 1.0; WER: 1.0; val_loss: 23.595109939575195; val_CER: 1.0; val_WER: 1.0
2024-04-19 11:37:15,760 - root - INFO - Epoch 14; loss: 23.28226089477539; CER: 1.0; WER: 1.0; val_loss: 23.61663818359375; val_CER: 1.0; val_WER: 1.0
2024-04-19 11:37:20,691 - root - INFO - Epoch 15; loss: 23.276296615600586; CER: 1.0; WER: 1.0; val_loss: 23.630151748657227; val_CER: 1.0; val_WER: 1.0
2024-04-19 11:37:25,615 - root - INFO - Epoch 16; loss: 23.272537231445312; CER: 1.0; WER: 1.0; val_loss: 23.638513565063477; val_CER: 1.0; val_WER: 1.0
2024-04-19 11:37:29,996 - root - INFO - Epoch 17; loss: 23.27553367614746; CER: 1.0; WER: 1.0; val_loss: 23.63423728942871; val_CER: 1.0; val_WER: 1.0
2024-04-19 11:37:39,060 - root - INFO - Epoch 18; loss: 23.266408920288086; CER: 1.0; WER: 1.0; val_loss: 23.681140899658203; val_CER: 1.0; val_WER: 1.0
2024-04-19 11:37:43,103 - root - INFO - Epoch 19; loss: 23.25849723815918; CER: 1.0; WER: 1.0; val_loss: 23.67439079284668; val_CER: 1.0; val_WER: 1.0
2024-04-19 11:37:46,933 - root - INFO - Epoch 20; loss: 23.23930549621582; CER: 1.0; WER: 1.0; val_loss: 23.69292640686035; val_CER: 1.0; val_WER: 1.0
2024-04-19 11:37:50,944 - root - INFO - Epoch 21; loss: 23.221939086914062; CER: 1.0; WER: 1.0; val_loss: 23.726255416870117; val_CER: 1.0; val_WER: 1.0
2024-04-19 11:37:55,160 - root - INFO - Epoch 22; loss: 23.20737648010254; CER: 1.0; WER: 1.0; val_loss: 23.73685073852539; val_CER: 1.0; val_WER: 1.0
2024-04-19 11:37:59,451 - root - INFO - Epoch 23; loss: 23.19389533996582; CER: 1.0; WER: 1.0; val_loss: 23.81296157836914; val_CER: 1.0; val_WER: 1.0
2024-04-19 11:38:08,392 - root - INFO - Epoch 24; loss: 23.17946434020996; CER: 1.0; WER: 1.0; val_loss: 23.913110733032227; val_CER: 1.0; val_WER: 1.0
2024-04-19 11:38:12,443 - root - INFO - Epoch 25; loss: 23.118764877319336; CER: 1.0; WER: 1.0; val_loss: 24.050931930541992; val_CER: 1.0; val_WER: 1.0
2024-04-19 11:38:16,837 - root - INFO - Epoch 26; loss: 23.067581176757812; CER: 1.0; WER: 1.0; val_loss: 24.192726135253906; val_CER: 1.0; val_WER: 1.0
2024-04-19 11:38:21,219 - root - INFO - Epoch 27; loss: 23.01836395263672; CER: 1.0; WER: 1.0; val_loss: 24.468515396118164; val_CER: 1.0; val_WER: 1.0
2024-04-19 11:38:25,616 - root - INFO - Epoch 28; loss: 22.949951171875; CER: 1.0; WER: 1.0; val_loss: 24.954872131347656; val_CER: 1.0; val_WER: 1.0
2024-04-19 11:38:29,975 - root - INFO - Epoch 29; loss: 22.870229721069336; CER: 1.0; WER: 1.0; val_loss: 24.942285537719727; val_CER: 1.0; val_WER: 1.0
2024-04-19 11:38:39,139 - root - INFO - Epoch 30; loss: 22.727581024169922; CER: 1.0; WER: 1.0; val_loss: 25.529462814331055; val_CER: 1.0; val_WER: 1.0
2024-04-19 11:38:43,169 - root - INFO - Epoch 31; loss: 22.586803436279297; CER: 1.0; WER: 1.0; val_loss: 23.791105270385742; val_CER: 1.0; val_WER: 1.0
2024-04-19 11:38:52,234 - root - INFO - Epoch 32; loss: 22.52633285522461; CER: 1.0; WER: 1.0; val_loss: 23.290454864501953; val_CER: 1.0; val_WER: 1.0
2024-04-19 11:38:56,302 - root - INFO - Epoch 33; loss: 22.391292572021484; CER: 1.0; WER: 1.0; val_loss: 22.849267959594727; val_CER: 1.0; val_WER: 1.0
2024-04-19 11:39:05,317 - root - INFO - Epoch 34; loss: 22.27260398864746; CER: 1.0; WER: 1.0; val_loss: 22.198698043823242; val_CER: 1.0; val_WER: 1.0
2024-04-19 11:39:09,360 - root - INFO - Epoch 35; loss: 22.087297439575195; CER: 1.0; WER: 1.0; val_loss: 21.94400405883789; val_CER: 1.0; val_WER: 1.0
2024-04-19 11:39:18,398 - root - INFO - Epoch 36; loss: 21.869953155517578; CER: 0.9997929334640503; WER: 1.0; val_loss: 22.037322998046875; val_CER: 1.0; val_WER: 1.0
2024-04-19 11:39:23,267 - root - INFO - Epoch 37; loss: 21.59225082397461; CER: 0.9989648461341858; WER: 1.0; val_loss: 21.075456619262695; val_CER: 0.9990338087081909; val_WER: 1.0
2024-04-19 11:39:28,603 - root - INFO - Epoch 38; loss: 21.53410530090332; CER: 0.9989647269248962; WER: 1.0; val_loss: 20.7873477935791; val_CER: 0.9985506534576416; val_WER: 1.0
2024-04-19 11:39:38,263 - root - INFO - Epoch 39; loss: 21.209842681884766; CER: 0.9977520704269409; WER: 1.0; val_loss: 20.547399520874023; val_CER: 1.0; val_WER: 1.0
2024-04-19 11:39:43,516 - root - INFO - Epoch 40; loss: 20.923425674438477; CER: 0.9946465492248535; WER: 1.0; val_loss: 20.444746017456055; val_CER: 0.993719756603241; val_WER: 1.0
2024-04-19 11:39:48,027 - root - INFO - Epoch 41; loss: 20.64641761779785; CER: 0.9930640459060669; WER: 1.0; val_loss: 20.80368995666504; val_CER: 0.9937887191772461; val_WER: 1.0
2024-04-19 11:39:53,217 - root - INFO - Epoch 42; loss: 20.37339210510254; CER: 0.9885241985321045; WER: 1.0; val_loss: 19.0179443359375; val_CER: 0.981780469417572; val_WER: 1.0
2024-04-19 11:39:58,628 - root - INFO - Epoch 43; loss: 20.04347801208496; CER: 0.9782016277313232; WER: 1.0; val_loss: 20.24421501159668; val_CER: 0.9793374538421631; val_WER: 1.0
2024-04-19 11:40:03,400 - root - INFO - Epoch 44; loss: 19.77085304260254; CER: 0.9732710719108582; WER: 1.0; val_loss: 22.120071411132812; val_CER: 0.9856849312782288; val_WER: 1.0
2024-04-19 11:40:08,698 - root - INFO - Epoch 45; loss: 19.43886947631836; CER: 0.9567169547080994; WER: 1.0; val_loss: 19.943805694580078; val_CER: 0.95790034532547; val_WER: 1.0
2024-04-19 11:40:13,392 - root - INFO - Epoch 46; loss: 19.024145126342773; CER: 0.9371250867843628; WER: 1.0; val_loss: 26.48416519165039; val_CER: 0.963395357131958; val_WER: 1.0
2024-04-19 11:40:18,779 - root - INFO - Epoch 47; loss: 18.358272552490234; CER: 0.9148595333099365; WER: 1.0; val_loss: 20.591062545776367; val_CER: 0.8908764719963074; val_WER: 1.0
2024-04-19 11:40:24,009 - root - INFO - Epoch 48; loss: 17.804780960083008; CER: 0.8789914846420288; WER: 1.0; val_loss: 18.749759674072266; val_CER: 0.8549896478652954; val_WER: 1.0
2024-04-19 11:40:28,798 - root - INFO - Epoch 49; loss: 17.244049072265625; CER: 0.8565098643302917; WER: 1.0; val_loss: 23.557159423828125; val_CER: 0.90560382604599; val_WER: 1.0
2024-04-19 11:40:33,573 - root - INFO - Epoch 50; loss: 17.027132034301758; CER: 0.8202158808708191; WER: 1.0; val_loss: 35.63888168334961; val_CER: 0.9405106902122498; val_WER: 1.0
2024-04-19 11:40:43,008 - root - INFO - Epoch 51; loss: 16.2725887298584; CER: 0.7891067266464233; WER: 1.0; val_loss: 33.9093132019043; val_CER: 0.9302967190742493; val_WER: 1.0
2024-04-19 11:40:52,427 - root - INFO - Epoch 52; loss: 15.565713882446289; CER: 0.7481750845909119; WER: 1.0; val_loss: 29.544897079467773; val_CER: 0.9263078570365906; val_WER: 1.0
2024-04-19 11:40:56,957 - root - INFO - Epoch 53; loss: 15.268998146057129; CER: 0.7181100249290466; WER: 0.9987577795982361; val_loss: 33.31523132324219; val_CER: 0.943754255771637; val_WER: 1.0
2024-04-19 11:41:01,596 - root - INFO - Epoch 54; loss: 14.83324146270752; CER: 0.7016563415527344; WER: 1.0; val_loss: 39.248104095458984; val_CER: 0.9387439489364624; val_WER: 1.0
2024-04-19 11:41:06,437 - root - INFO - Epoch 55; loss: 14.362175941467285; CER: 0.693055272102356; WER: 0.9987577795982361; val_loss: 39.16146469116211; val_CER: 0.9457556009292603; val_WER: 1.0
2024-04-19 11:41:11,263 - root - INFO - Epoch 56; loss: 13.743236541748047; CER: 0.664628803730011; WER: 0.9937888383865356; val_loss: 44.70710754394531; val_CER: 0.9527812600135803; val_WER: 1.0
2024-04-19 11:41:16,070 - root - INFO - Epoch 57; loss: 13.161201477050781; CER: 0.6397958993911743; WER: 0.9962732791900635; val_loss: 46.680416107177734; val_CER: 0.948171079158783; val_WER: 1.0
2024-04-19 11:41:20,870 - root - INFO - Epoch 58; loss: 12.922959327697754; CER: 0.6245312094688416; WER: 0.991304337978363; val_loss: 49.157371520996094; val_CER: 0.9590476155281067; val_WER: 1.0
2024-04-19 11:41:25,745 - root - INFO - Epoch 59; loss: 12.496761322021484; CER: 0.6169180870056152; WER: 0.9900621175765991; val_loss: 45.42729187011719; val_CER: 0.9538991451263428; val_WER: 1.0
2024-04-19 11:41:30,612 - root - INFO - Epoch 60; loss: 12.169654846191406; CER: 0.6020822525024414; WER: 0.9875776171684265; val_loss: 43.66946792602539; val_CER: 0.9525879621505737; val_WER: 1.0
2024-04-19 11:41:35,478 - root - INFO - Epoch 61; loss: 11.745017051696777; CER: 0.5763087868690491; WER: 0.9850931763648987; val_loss: 43.61585998535156; val_CER: 0.9564527273178101; val_WER: 1.0
2024-04-19 11:41:40,144 - root - INFO - Epoch 62; loss: 11.349478721618652; CER: 0.5684324502944946; WER: 0.9813664555549622; val_loss: 46.69256591796875; val_CER: 0.9585920572280884; val_WER: 1.0
2024-04-19 11:41:44,427 - root - INFO - Epoch 63; loss: 10.984694480895996; CER: 0.5516326427459717; WER: 0.9763975143432617; val_loss: 41.74055480957031; val_CER: 0.9573498964309692; val_WER: 1.0
2024-04-19 11:41:48,719 - root - INFO - Epoch 64; loss: 10.494206428527832; CER: 0.5309464335441589; WER: 0.9776397347450256; val_loss: 48.84896469116211; val_CER: 0.9567287564277649; val_WER: 1.0
2024-04-19 11:41:58,316 - root - INFO - Epoch 65; loss: 10.024410247802734; CER: 0.5136143565177917; WER: 0.9701863527297974; val_loss: 50.284664154052734; val_CER: 0.958730161190033; val_WER: 1.0
2024-04-19 11:42:02,978 - root - INFO - Epoch 66; loss: 9.936732292175293; CER: 0.49042588472366333; WER: 0.9627329111099243; val_loss: 51.2220573425293; val_CER: 0.9538300633430481; val_WER: 1.0
2024-04-19 11:42:07,742 - root - INFO - Epoch 67; loss: 9.675422668457031; CER: 0.4843774139881134; WER: 0.95652174949646; val_loss: 48.98801040649414; val_CER: 0.9569634199142456; val_WER: 1.0
2024-04-19 11:42:12,708 - root - INFO - Epoch 68; loss: 9.481950759887695; CER: 0.47758060693740845; WER: 0.955279529094696; val_loss: 47.40613555908203; val_CER: 0.9538991451263428; val_WER: 1.0
2024-04-19 11:42:22,367 - root - INFO - Epoch 69; loss: 9.115273475646973; CER: 0.4626412093639374; WER: 0.9453415870666504; val_loss: 48.516014099121094; val_CER: 0.9531952142715454; val_WER: 1.0
2024-04-19 11:42:27,061 - root - INFO - Epoch 70; loss: 8.976203918457031; CER: 0.45465242862701416; WER: 0.9291925430297852; val_loss: 44.978458404541016; val_CER: 0.9579572081565857; val_WER: 1.0
2024-04-19 11:42:36,752 - root - INFO - Epoch 71; loss: 8.788674354553223; CER: 0.44762203097343445; WER: 0.9354037046432495; val_loss: 46.70021057128906; val_CER: 0.9574741721153259; val_WER: 1.0
2024-04-19 11:42:46,227 - root - INFO - Epoch 72; loss: 8.229937553405762; CER: 0.4189825654029846; WER: 0.9242236018180847; val_loss: 39.95624923706055; val_CER: 0.954822301864624; val_WER: 1.0
2024-04-19 11:42:50,797 - root - INFO - Epoch 73; loss: 8.201628684997559; CER: 0.4150813817977905; WER: 0.9118012189865112; val_loss: 40.34328079223633; val_CER: 0.9570720195770264; val_WER: 1.0
2024-04-19 11:42:55,471 - root - INFO - Epoch 74; loss: 8.070652961730957; CER: 0.391262948513031; WER: 0.8857142925262451; val_loss: 41.462013244628906; val_CER: 0.942539632320404; val_WER: 1.0
2024-04-19 11:43:00,290 - root - INFO - Epoch 75; loss: 7.856354713439941; CER: 0.3925909698009491; WER: 0.9105589985847473; val_loss: 37.03889846801758; val_CER: 0.946223258972168; val_WER: 1.0
2024-04-19 11:43:05,063 - root - INFO - Epoch 76; loss: 7.6062726974487305; CER: 0.38194918632507324; WER: 0.9055900573730469; val_loss: 34.08464050292969; val_CER: 0.9408006072044373; val_WER: 1.0
2024-04-19 11:43:14,726 - root - INFO - Epoch 77; loss: 7.4259467124938965; CER: 0.3797811269760132; WER: 0.8993788957595825; val_loss: 37.05694580078125; val_CER: 0.9497014880180359; val_WER: 1.0
2024-04-19 11:43:19,313 - root - INFO - Epoch 78; loss: 7.13506555557251; CER: 0.3463561236858368; WER: 0.8546583652496338; val_loss: 46.824073791503906; val_CER: 0.9609523415565491; val_WER: 1.0
2024-04-19 11:43:24,190 - root - INFO - Epoch 79; loss: 6.882019996643066; CER: 0.34516119956970215; WER: 0.8621118068695068; val_loss: 39.66599655151367; val_CER: 0.9492183923721313; val_WER: 1.0
2024-04-19 11:43:29,163 - root - INFO - Epoch 80; loss: 6.977431297302246; CER: 0.3444809317588806; WER: 0.852173924446106; val_loss: 31.129505157470703; val_CER: 0.943671464920044; val_WER: 1.0
2024-04-19 11:43:34,006 - root - INFO - Epoch 81; loss: 6.723145008087158; CER: 0.33499258756637573; WER: 0.8571428656578064; val_loss: 24.68025016784668; val_CER: 0.8745755553245544; val_WER: 1.0
2024-04-19 11:43:39,045 - root - INFO - Epoch 82; loss: 6.420132160186768; CER: 0.3176131844520569; WER: 0.8298136591911316; val_loss: 26.18073081970215; val_CER: 0.8893304467201233; val_WER: 1.0
2024-04-19 11:43:43,947 - root - INFO - Epoch 83; loss: 6.262292385101318; CER: 0.29960665106773376; WER: 0.8012422323226929; val_loss: 34.86787033081055; val_CER: 0.921835720539093; val_WER: 1.0
2024-04-19 11:43:49,617 - root - INFO - Epoch 84; loss: 6.163542747497559; CER: 0.3016977310180664; WER: 0.8037267327308655; val_loss: 14.003994941711426; val_CER: 0.6845117211341858; val_WER: 1.0
2024-04-19 11:43:54,596 - root - INFO - Epoch 85; loss: 6.258986473083496; CER: 0.29494526982307434; WER: 0.8099378943443298; val_loss: 16.713937759399414; val_CER: 0.7747808694839478; val_WER: 1.0
2024-04-19 11:43:59,592 - root - INFO - Epoch 86; loss: 6.172269821166992; CER: 0.3015882968902588; WER: 0.8136646151542664; val_loss: 12.319820404052734; val_CER: 0.6079623699188232; val_WER: 0.991304337978363
2024-04-19 11:44:04,079 - root - INFO - Epoch 87; loss: 5.94320821762085; CER: 0.28204378485679626; WER: 0.7788819670677185; val_loss: 16.869510650634766; val_CER: 0.7345186471939087; val_WER: 1.0
2024-04-19 11:44:08,463 - root - INFO - Epoch 88; loss: 5.451635360717773; CER: 0.2721000015735626; WER: 0.7652173638343811; val_loss: 13.758050918579102; val_CER: 0.6592373847961426; val_WER: 0.9971014261245728
2024-04-19 11:44:13,168 - root - INFO - Epoch 89; loss: 5.545539855957031; CER: 0.2748683989048004; WER: 0.7714285850524902; val_loss: 26.614299774169922; val_CER: 0.9075759649276733; val_WER: 1.0
2024-04-19 11:44:22,755 - root - INFO - Epoch 90; loss: 5.363032341003418; CER: 0.26210296154022217; WER: 0.7776397466659546; val_loss: 23.314424514770508; val_CER: 0.8795703649520874; val_WER: 1.0
2024-04-19 11:44:27,534 - root - INFO - Epoch 91; loss: 5.257026195526123; CER: 0.256146103143692; WER: 0.7316769957542419; val_loss: 17.33618927001953; val_CER: 0.7288457751274109; val_WER: 1.0
2024-04-19 11:44:32,278 - root - INFO - Epoch 92; loss: 5.217320442199707; CER: 0.24832004308700562; WER: 0.7378882169723511; val_loss: 14.94283390045166; val_CER: 0.744263231754303; val_WER: 0.9971014261245728
2024-04-19 11:44:37,920 - root - INFO - Epoch 93; loss: 4.958147048950195; CER: 0.23929311335086823; WER: 0.7068322896957397; val_loss: 7.755313396453857; val_CER: 0.39599379897117615; val_WER: 0.9449275135993958
2024-04-19 11:44:42,916 - root - INFO - Epoch 94; loss: 4.872482776641846; CER: 0.23283050954341888; WER: 0.6931676864624023; val_loss: 8.624287605285645; val_CER: 0.4224965274333954; val_WER: 0.9739130139350891
2024-04-19 11:44:47,885 - root - INFO - Epoch 95; loss: 4.783232688903809; CER: 0.2291807383298874; WER: 0.695652186870575; val_loss: 14.733433723449707; val_CER: 0.6674931049346924; val_WER: 0.9971014261245728
2024-04-19 11:44:52,660 - root - INFO - Epoch 96; loss: 4.481461048126221; CER: 0.2147855907678604; WER: 0.6732919216156006; val_loss: 10.822715759277344; val_CER: 0.5592512488365173; val_WER: 0.9855072498321533
2024-04-19 11:44:57,534 - root - INFO - Epoch 97; loss: 4.480893611907959; CER: 0.2091038078069687; WER: 0.6670807600021362; val_loss: 12.862858772277832; val_CER: 0.6230055093765259; val_WER: 0.9971014261245728
2024-04-19 11:45:06,943 - root - INFO - Epoch 98; loss: 4.5265021324157715; CER: 0.2105678766965866; WER: 0.6795030832290649; val_loss: 20.121896743774414; val_CER: 0.8060972094535828; val_WER: 1.0
2024-04-19 11:45:10,851 - root - INFO - Epoch 99; loss: 4.3884501457214355; CER: 0.21015380322933197; WER: 0.6770186424255371; val_loss: 18.190006256103516; val_CER: 0.7327501773834229; val_WER: 0.9971014261245728
2024-04-19 11:45:14,900 - root - INFO - Epoch 100; loss: 4.05165958404541; CER: 0.1939692497253418; WER: 0.6298136711120605; val_loss: 17.146636962890625; val_CER: 0.745586633682251; val_WER: 0.9971014261245728
2024-04-19 11:45:19,233 - root - INFO - Epoch 101; loss: 4.183445453643799; CER: 0.18672877550125122; WER: 0.6285714507102966; val_loss: 22.70144271850586; val_CER: 0.8138975501060486; val_WER: 1.0
2024-04-19 11:45:23,752 - root - INFO - Epoch 102; loss: 4.143309116363525; CER: 0.19522033631801605; WER: 0.6509316563606262; val_loss: 16.268823623657227; val_CER: 0.6860852241516113; val_WER: 0.9971014261245728
2024-04-19 11:45:33,511 - root - INFO - Epoch 103; loss: 3.9815330505371094; CER: 0.18524107336997986; WER: 0.6360248327255249; val_loss: 7.059996128082275; val_CER: 0.33247411251068115; val_WER: 0.9188405871391296
2024-04-19 11:45:42,729 - root - INFO - Epoch 104; loss: 3.8934078216552734; CER: 0.1846199482679367; WER: 0.6335403919219971; val_loss: 6.721287727355957; val_CER: 0.33912697434425354; val_WER: 0.9014492630958557
2024-04-19 11:45:47,013 - root - INFO - Epoch 105; loss: 3.959435224533081; CER: 0.19076308608055115; WER: 0.6509316563606262; val_loss: 8.375664710998535; val_CER: 0.42339202761650085; val_WER: 0.9739130139350891
2024-04-19 11:45:51,165 - root - INFO - Epoch 106; loss: 3.980745315551758; CER: 0.18191365897655487; WER: 0.6012422442436218; val_loss: 8.4605073928833; val_CER: 0.3981073498725891; val_WER: 0.9449275135993958
2024-04-19 11:45:56,677 - root - INFO - Epoch 107; loss: 3.7198727130889893; CER: 0.16965100169181824; WER: 0.6099379062652588; val_loss: 6.791680812835693; val_CER: 0.33166149258613586; val_WER: 0.9159420132637024
2024-04-19 11:46:01,905 - root - INFO - Epoch 108; loss: 3.643566131591797; CER: 0.1691955178976059; WER: 0.6099379062652588; val_loss: 5.084139347076416; val_CER: 0.19337302446365356; val_WER: 0.7217391133308411
2024-04-19 11:46:11,550 - root - INFO - Epoch 109; loss: 3.601356267929077; CER: 0.15683229267597198; WER: 0.5788819789886475; val_loss: 8.688745498657227; val_CER: 0.42638713121414185; val_WER: 0.9623188376426697
2024-04-19 11:46:15,789 - root - INFO - Epoch 110; loss: 3.501514196395874; CER: 0.15990832448005676; WER: 0.590062141418457; val_loss: 8.627188682556152; val_CER: 0.44270360469818115; val_WER: 0.9652174115180969
2024-04-19 11:46:25,019 - root - INFO - Epoch 111; loss: 3.4442975521087646; CER: 0.1626856029033661; WER: 0.590062141418457; val_loss: 5.58090877532959; val_CER: 0.2525293231010437; val_WER: 0.8173912763595581
2024-04-19 11:46:30,096 - root - INFO - Epoch 112; loss: 3.3122127056121826; CER: 0.14464063942432404; WER: 0.5329192280769348; val_loss: 2.9951562881469727; val_CER: 0.09478089958429337; val_WER: 0.43478259444236755
2024-04-19 11:46:34,834 - root - INFO - Epoch 113; loss: 3.304070234298706; CER: 0.15352557599544525; WER: 0.5515527725219727; val_loss: 2.6445398330688477; val_CER: 0.07598170638084412; val_WER: 0.373913049697876
2024-04-19 11:46:39,494 - root - INFO - Epoch 114; loss: 3.3397204875946045; CER: 0.15619048476219177; WER: 0.539130449295044; val_loss: 3.1108622550964355; val_CER: 0.10579539090394974; val_WER: 0.4840579628944397
2024-04-19 11:46:48,937 - root - INFO - Epoch 115; loss: 3.2766754627227783; CER: 0.14969833195209503; WER: 0.5316770076751709; val_loss: 4.182229995727539; val_CER: 0.17711353302001953; val_WER: 0.686956524848938
2024-04-19 11:46:53,336 - root - INFO - Epoch 116; loss: 3.159762144088745; CER: 0.15102337300777435; WER: 0.5975155234336853; val_loss: 4.44927978515625; val_CER: 0.1848430037498474; val_WER: 0.6840579509735107
2024-04-19 11:47:02,456 - root - INFO - Epoch 117; loss: 3.1155664920806885; CER: 0.14209109544754028; WER: 0.5329192280769348; val_loss: 4.054134368896484; val_CER: 0.17244824767112732; val_WER: 0.6840579509735107
2024-04-19 11:47:06,837 - root - INFO - Epoch 118; loss: 3.0479133129119873; CER: 0.13669921457767487; WER: 0.5279502868652344; val_loss: 2.9442179203033447; val_CER: 0.09758280962705612; val_WER: 0.44057971239089966
2024-04-19 11:47:11,046 - root - INFO - Epoch 119; loss: 2.9842066764831543; CER: 0.13321207463741302; WER: 0.5105590224266052; val_loss: 7.764828205108643; val_CER: 0.36347654461860657; val_WER: 0.9333333373069763
2024-04-19 11:47:20,374 - root - INFO - Epoch 120; loss: 2.9416866302490234; CER: 0.13418811559677124; WER: 0.5242236256599426; val_loss: 4.868771076202393; val_CER: 0.22135093808174133; val_WER: 0.7507246136665344
2024-04-19 11:47:24,658 - root - INFO - Epoch 121; loss: 2.8618273735046387; CER: 0.1304495930671692; WER: 0.5068323016166687; val_loss: 2.8692901134490967; val_CER: 0.11607831716537476; val_WER: 0.5101449489593506
2024-04-19 11:47:34,424 - root - INFO - Epoch 122; loss: 2.8450255393981934; CER: 0.13615202903747559; WER: 0.5403726696968079; val_loss: 2.3879895210266113; val_CER: 0.0701155960559845; val_WER: 0.35072463750839233
2024-04-19 11:47:38,679 - root - INFO - Epoch 123; loss: 2.851344585418701; CER: 0.13368827104568481; WER: 0.5291925668716431; val_loss: 3.2962124347686768; val_CER: 0.11828675121068954; val_WER: 0.5333333611488342
2024-04-19 11:47:42,810 - root - INFO - Epoch 124; loss: 2.6692681312561035; CER: 0.12133392691612244; WER: 0.47329193353652954; val_loss: 5.356229782104492; val_CER: 0.240012064576149; val_WER: 0.800000011920929
2024-04-19 11:47:47,408 - root - INFO - Epoch 125; loss: 2.6863853931427; CER: 0.12077787518501282; WER: 0.4807453453540802; val_loss: 3.8310346603393555; val_CER: 0.1427018642425537; val_WER: 0.6028985381126404
2024-04-19 11:47:56,889 - root - INFO - Epoch 126; loss: 2.621898651123047; CER: 0.12010352313518524; WER: 0.4919254779815674; val_loss: 3.0497078895568848; val_CER: 0.11311077326536179; val_WER: 0.5072463750839233
2024-04-19 11:48:01,431 - root - INFO - Epoch 127; loss: 3.013610601425171; CER: 0.13692694902420044; WER: 0.5316770076751709; val_loss: 3.3256282806396484; val_CER: 0.12756212055683136; val_WER: 0.5565217137336731
2024-04-19 11:48:06,183 - root - INFO - Epoch 128; loss: 2.7171692848205566; CER: 0.12622006237506866; WER: 0.4919254779815674; val_loss: 5.8115458488464355; val_CER: 0.2730693519115448; val_WER: 0.8463768362998962
2024-04-19 11:48:10,722 - root - INFO - Epoch 129; loss: 2.711031913757324; CER: 0.12114463746547699; WER: 0.49813663959503174; val_loss: 3.57749342918396; val_CER: 0.14868012070655823; val_WER: 0.5942028760910034
2024-04-19 11:48:15,431 - root - INFO - Epoch 130; loss: 2.5558056831359863; CER: 0.11932268738746643; WER: 0.469565212726593; val_loss: 4.7396321296691895; val_CER: 0.2141735851764679; val_WER: 0.7768115997314453
2024-04-19 11:48:20,480 - root - INFO - Epoch 131; loss: 2.554780960083008; CER: 0.12096421420574188; WER: 0.48571428656578064; val_loss: 4.3864240646362305; val_CER: 0.18881815671920776; val_WER: 0.7101449370384216
2024-04-19 11:48:24,982 - root - INFO - Epoch 132; loss: 2.600153684616089; CER: 0.11569061875343323; WER: 0.4670807421207428; val_loss: 3.089803695678711; val_CER: 0.10358695685863495; val_WER: 0.4898550808429718
2024-04-19 11:48:29,514 - root - INFO - Epoch 133; loss: 2.590684413909912; CER: 0.11948239058256149; WER: 0.46335405111312866; val_loss: 4.331473350524902; val_CER: 0.186968594789505; val_WER: 0.6898550987243652
2024-04-19 11:48:34,133 - root - INFO - Epoch 134; loss: 2.383181095123291; CER: 0.1040964275598526; WER: 0.44968944787979126; val_loss: 2.7228076457977295; val_CER: 0.09102657437324524; val_WER: 0.43478259444236755
2024-04-19 11:48:38,512 - root - INFO - Epoch 135; loss: 2.408721446990967; CER: 0.10991127789020538; WER: 0.4509316682815552; val_loss: 2.3285932540893555; val_CER: 0.071219801902771; val_WER: 0.35072463750839233
2024-04-19 11:48:43,156 - root - INFO - Epoch 136; loss: 2.533982992172241; CER: 0.12372967600822449; WER: 0.4906832277774811; val_loss: 2.4619174003601074; val_CER: 0.07032263278961182; val_WER: 0.35072463750839233
2024-04-19 11:48:52,934 - root - INFO - Epoch 137; loss: 2.2696080207824707; CER: 0.10526177287101746; WER: 0.44596272706985474; val_loss: 2.877368450164795; val_CER: 0.0917166993021965; val_WER: 0.42898550629615784
2024-04-19 11:49:02,170 - root - INFO - Epoch 138; loss: 2.3672356605529785; CER: 0.11102040857076645; WER: 0.4521739184856415; val_loss: 6.234131336212158; val_CER: 0.30420809984207153; val_WER: 0.8840579986572266
2024-04-19 11:49:06,925 - root - INFO - Epoch 139; loss: 2.2840731143951416; CER: 0.10706597566604614; WER: 0.43478259444236755; val_loss: 2.2043185234069824; val_CER: 0.061488959938287735; val_WER: 0.3014492690563202
2024-04-19 11:49:11,896 - root - INFO - Epoch 140; loss: 2.1897165775299072; CER: 0.10354629158973694; WER: 0.4509316682815552; val_loss: 7.094492435455322; val_CER: 0.28267598152160645; val_WER: 0.8550724387168884
2024-04-19 11:49:21,280 - root - INFO - Epoch 141; loss: 2.15712308883667; CER: 0.1021680012345314; WER: 0.4397515654563904; val_loss: 4.613517761230469; val_CER: 0.18419426679611206; val_WER: 0.6753623485565186
2024-04-19 11:49:30,532 - root - INFO - Epoch 142; loss: 2.203200578689575; CER: 0.10095534473657608; WER: 0.4248447120189667; val_loss: 2.982419967651367; val_CER: 0.10453933477401733; val_WER: 0.46666666865348816
2024-04-19 11:49:34,756 - root - INFO - Epoch 143; loss: 2.237290143966675; CER: 0.09902099519968033; WER: 0.4186335504055023; val_loss: 2.616490602493286; val_CER: 0.08315908163785934; val_WER: 0.4057970941066742
2024-04-19 11:49:43,863 - root - INFO - Epoch 144; loss: 2.144531488418579; CER: 0.09777877479791641; WER: 0.40621116757392883; val_loss: 2.649273633956909; val_CER: 0.08170979470014572; val_WER: 0.3855072557926178
2024-04-19 11:49:48,479 - root - INFO - Epoch 145; loss: 2.1363842487335205; CER: 0.09947649389505386; WER: 0.42236024141311646; val_loss: 2.4333608150482178; val_CER: 0.09150966256856918; val_WER: 0.4434782564640045
2024-04-19 11:49:57,669 - root - INFO - Epoch 146; loss: 2.153615951538086; CER: 0.09991718828678131; WER: 0.41987577080726624; val_loss: 2.4884350299835205; val_CER: 0.07842478156089783; val_WER: 0.3797101378440857
2024-04-19 11:50:02,203 - root - INFO - Epoch 147; loss: 2.10308575630188; CER: 0.09822241961956024; WER: 0.4124223589897156; val_loss: 3.334606647491455; val_CER: 0.132365420460701; val_WER: 0.5884057879447937
2024-04-19 11:50:06,709 - root - INFO - Epoch 148; loss: 1.9355642795562744; CER: 0.09362024068832397; WER: 0.4136646091938019; val_loss: 2.441995143890381; val_CER: 0.07456004619598389; val_WER: 0.3536231815814972
2024-04-19 11:50:11,225 - root - INFO - Epoch 149; loss: 2.0085561275482178; CER: 0.0858059674501419; WER: 0.3664596378803253; val_loss: 1.8638287782669067; val_CER: 0.06641649454832077; val_WER: 0.33043476939201355
2024-04-19 11:50:16,324 - root - INFO - Epoch 150; loss: 2.061903238296509; CER: 0.09913931041955948; WER: 0.4161490797996521; val_loss: 2.4474809169769287; val_CER: 0.07462906092405319; val_WER: 0.36231884360313416
2024-04-19 11:50:21,066 - root - INFO - Epoch 151; loss: 1.9242349863052368; CER: 0.09186335653066635; WER: 0.39751553535461426; val_loss: 5.241633892059326; val_CER: 0.2278657704591751; val_WER: 0.7797101736068726
2024-04-19 11:50:25,858 - root - INFO - Epoch 152; loss: 1.9525845050811768; CER: 0.08461698144674301; WER: 0.365217387676239; val_loss: 3.560586929321289; val_CER: 0.14126986265182495; val_WER: 0.5971014499664307
2024-04-19 11:50:30,556 - root - INFO - Epoch 153; loss: 1.9850611686706543; CER: 0.09075126051902771; WER: 0.3987577557563782; val_loss: 2.2889912128448486; val_CER: 0.06293822824954987; val_WER: 0.3188405930995941
2024-04-19 11:50:40,051 - root - INFO - Epoch 154; loss: 1.84369695186615; CER: 0.08569949865341187; WER: 0.373913049697876; val_loss: 3.301283121109009; val_CER: 0.1223447248339653; val_WER: 0.5159420371055603
2024-04-19 11:50:44,152 - root - INFO - Epoch 155; loss: 1.752585530281067; CER: 0.08314994722604752; WER: 0.3726707994937897; val_loss: 2.518970489501953; val_CER: 0.07646480202674866; val_WER: 0.373913049697876
2024-04-19 11:50:48,586 - root - INFO - Epoch 156; loss: 1.8824280500411987; CER: 0.08862762153148651; WER: 0.3987577557563782; val_loss: 2.5953357219696045; val_CER: 0.07984644919633865; val_WER: 0.38840579986572266
2024-04-19 11:50:52,900 - root - INFO - Epoch 157; loss: 1.7931047677993774; CER: 0.0902366191148758; WER: 0.4161490797996521; val_loss: 2.876300573348999; val_CER: 0.10126812756061554; val_WER: 0.45507246255874634
2024-04-19 11:50:57,185 - root - INFO - Epoch 158; loss: 1.8080637454986572; CER: 0.0828719213604927; WER: 0.3664596378803253; val_loss: 5.421558856964111; val_CER: 0.25475502014160156; val_WER: 0.8231884241104126
2024-04-19 11:51:01,467 - root - INFO - Epoch 159; loss: 1.7491803169250488; CER: 0.08375629037618637; WER: 0.37018632888793945; val_loss: 2.229623556137085; val_CER: 0.06496721506118774; val_WER: 0.33043476939201355
2024-04-19 11:51:05,834 - root - INFO - Epoch 160; loss: 1.7150413990020752; CER: 0.0814196914434433; WER: 0.3751552700996399; val_loss: 2.6589953899383545; val_CER: 0.08891477435827255; val_WER: 0.4202898442745209
2024-04-19 11:51:10,200 - root - INFO - Epoch 161; loss: 1.7817329168319702; CER: 0.082410529255867; WER: 0.3763975203037262; val_loss: 2.323300361633301; val_CER: 0.06487060338258743; val_WER: 0.321739137172699
2024-04-19 11:51:14,652 - root - INFO - Epoch 162; loss: 1.6991002559661865; CER: 0.07882874459028244; WER: 0.35403725504875183; val_loss: 2.2828619480133057; val_CER: 0.0644841343164444; val_WER: 0.33043476939201355
2024-04-19 11:51:19,202 - root - INFO - Epoch 163; loss: 1.669646978378296; CER: 0.08429163694381714; WER: 0.3639751672744751; val_loss: 2.3630573749542236; val_CER: 0.06779675930738449; val_WER: 0.35072463750839233
2024-04-19 11:51:29,250 - root - INFO - Epoch 164; loss: 1.6007840633392334; CER: 0.07548949122428894; WER: 0.3391304314136505; val_loss: 2.233557939529419; val_CER: 0.0611024871468544; val_WER: 0.31594201922416687
2024-04-19 11:51:33,528 - root - INFO - Epoch 165; loss: 1.639843463897705; CER: 0.0763058289885521; WER: 0.3490683138370514; val_loss: 2.2768614292144775; val_CER: 0.06489821523427963; val_WER: 0.3275362253189087
2024-04-19 11:51:37,727 - root - INFO - Epoch 166; loss: 1.6511852741241455; CER: 0.08143448829650879; WER: 0.3726707994937897; val_loss: 2.5956368446350098; val_CER: 0.0803571417927742; val_WER: 0.3942028880119324
2024-04-19 11:51:42,210 - root - INFO - Epoch 167; loss: 1.6276768445968628; CER: 0.07904466241598129; WER: 0.34534162282943726; val_loss: 2.3552405834198; val_CER: 0.06496722251176834; val_WER: 0.3275362253189087
2024-04-19 11:51:46,771 - root - INFO - Epoch 168; loss: 1.6575504541397095; CER: 0.07915113866329193; WER: 0.35403725504875183; val_loss: 2.33693528175354; val_CER: 0.0644841268658638; val_WER: 0.32463768124580383
2024-04-19 11:51:56,204 - root - INFO - Epoch 169; loss: 1.569352626800537; CER: 0.08047322928905487; WER: 0.36770185828208923; val_loss: 2.3773114681243896; val_CER: 0.07317978143692017; val_WER: 0.35652172565460205
2024-04-19 11:52:00,612 - root - INFO - Epoch 170; loss: 1.5376921892166138; CER: 0.07572612166404724; WER: 0.3490683138370514; val_loss: 2.4046218395233154; val_CER: 0.06883195787668228; val_WER: 0.3449275493621826
2024-04-19 11:52:05,256 - root - INFO - Epoch 171; loss: 1.5287905931472778; CER: 0.07189884781837463; WER: 0.3391304314136505; val_loss: 2.329268217086792; val_CER: 0.0645531415939331; val_WER: 0.3333333432674408
2024-04-19 11:52:10,244 - root - INFO - Epoch 172; loss: 1.5438644886016846; CER: 0.07305531203746796; WER: 0.35776397585868835; val_loss: 2.584156036376953; val_CER: 0.0803295373916626; val_WER: 0.3942028880119324
2024-04-19 11:52:15,338 - root - INFO - Epoch 173; loss: 1.569881796836853; CER: 0.07590950280427933; WER: 0.3478260934352875; val_loss: 2.3402514457702637; val_CER: 0.06745170056819916; val_WER: 0.35072463750839233
2024-04-19 11:52:20,570 - root - INFO - Epoch 174; loss: 1.5242127180099487; CER: 0.07526766508817673; WER: 0.35527950525283813; val_loss: 2.3300983905792236; val_CER: 0.06689958274364471; val_WER: 0.3391304314136505
2024-04-19 11:52:25,570 - root - INFO - Epoch 175; loss: 1.5877903699874878; CER: 0.07473824173212051; WER: 0.34285715222358704; val_loss: 2.298508644104004; val_CER: 0.06545031070709229; val_WER: 0.3333333432674408
2024-04-19 11:52:35,302 - root - INFO - Epoch 176; loss: 1.612210750579834; CER: 0.07954452186822891; WER: 0.3639751672744751; val_loss: 2.1854591369628906; val_CER: 0.07945997267961502; val_WER: 0.3913043439388275
2024-04-19 11:52:40,276 - root - INFO - Epoch 177; loss: 1.4268786907196045; CER: 0.07169181108474731; WER: 0.3341614902019501; val_loss: 2.4244563579559326; val_CER: 0.06979814171791077; val_WER: 0.3536231815814972
2024-04-19 11:52:45,436 - root - INFO - Epoch 178; loss: 1.4377652406692505; CER: 0.07256138324737549; WER: 0.33291923999786377; val_loss: 2.5836472511291504; val_CER: 0.07801070064306259; val_WER: 0.3971014618873596
2024-04-19 11:52:50,485 - root - INFO - Epoch 179; loss: 1.548755407333374; CER: 0.08147885650396347; WER: 0.365217387676239; val_loss: 2.3108303546905518; val_CER: 0.06545031815767288; val_WER: 0.33623188734054565
2024-04-19 11:52:55,577 - root - INFO - Epoch 180; loss: 1.3931572437286377; CER: 0.07043182849884033; WER: 0.32919254899024963; val_loss: 2.29081130027771; val_CER: 0.06197205185890198; val_WER: 0.31594201922416687
2024-04-19 11:53:00,510 - root - INFO - Epoch 181; loss: 1.3958170413970947; CER: 0.06794440001249313; WER: 0.31552794575691223; val_loss: 2.3660295009613037; val_CER: 0.07117840647697449; val_WER: 0.35072463750839233
2024-04-19 11:53:05,385 - root - INFO - Epoch 182; loss: 1.4242933988571167; CER: 0.07133688032627106; WER: 0.32795029878616333; val_loss: 2.3104701042175293; val_CER: 0.06738268584012985; val_WER: 0.33623188734054565
2024-04-19 11:53:10,216 - root - INFO - Epoch 183; loss: 1.3778795003890991; CER: 0.07116828858852386; WER: 0.3267080783843994; val_loss: 2.219586133956909; val_CER: 0.09026915580034256; val_WER: 0.44057971239089966
2024-04-19 11:53:14,993 - root - INFO - Epoch 184; loss: 1.3043493032455444; CER: 0.06749186664819717; WER: 0.321739137172699; val_loss: 2.3421919345855713; val_CER: 0.06351794302463531; val_WER: 0.3275362253189087
2024-04-19 11:53:19,876 - root - INFO - Epoch 185; loss: 1.3269164562225342; CER: 0.06597161293029785; WER: 0.3267080783843994; val_loss: 2.357407569885254; val_CER: 0.06979814171791077; val_WER: 0.3449275493621826
2024-04-19 11:53:24,643 - root - INFO - Epoch 186; loss: 1.2394382953643799; CER: 0.061304349452257156; WER: 0.2968944013118744; val_loss: 2.416672706604004; val_CER: 0.07607832551002502; val_WER: 0.36811593174934387
2024-04-19 11:53:29,409 - root - INFO - Epoch 187; loss: 1.3299472332000732; CER: 0.06864538043737411; WER: 0.3118012547492981; val_loss: 2.3969006538391113; val_CER: 0.06593340635299683; val_WER: 0.3333333432674408
2024-04-19 11:53:34,699 - root - INFO - Epoch 188; loss: 1.279353380203247; CER: 0.06258503347635269; WER: 0.30186334252357483; val_loss: 2.4433138370513916; val_CER: 0.06583677977323532; val_WER: 0.3449275493621826
2024-04-19 11:53:39,683 - root - INFO - Epoch 189; loss: 1.2068032026290894; CER: 0.06152913346886635; WER: 0.2956521809101105; val_loss: 2.3225438594818115; val_CER: 0.06576777249574661; val_WER: 0.3333333432674408
2024-04-19 11:53:45,074 - root - INFO - Epoch 190; loss: 1.2408981323242188; CER: 0.06375332176685333; WER: 0.2993788719177246; val_loss: 2.2398810386657715; val_CER: 0.06245514750480652; val_WER: 0.3275362253189087
2024-04-19 11:53:49,948 - root - INFO - Epoch 191; loss: 1.1452022790908813; CER: 0.05827861651778221; WER: 0.27701863646507263; val_loss: 2.252760171890259; val_CER: 0.06593340635299683; val_WER: 0.3391304314136505
2024-04-19 11:53:54,717 - root - INFO - Epoch 192; loss: 1.391271710395813; CER: 0.07182787358760834; WER: 0.3354037404060364; val_loss: 2.5011649131774902; val_CER: 0.07791408151388168; val_WER: 0.3913043439388275
2024-04-19 11:53:59,265 - root - INFO - Epoch 193; loss: 1.2907415628433228; CER: 0.06280981749296188; WER: 0.30186334252357483; val_loss: 2.4967663288116455; val_CER: 0.07163389027118683; val_WER: 0.365217387676239
2024-04-19 11:54:04,740 - root - INFO - Epoch 194; loss: 1.250087022781372; CER: 0.060319434851408005; WER: 0.2869565188884735; val_loss: 2.134518623352051; val_CER: 0.0770445168018341; val_WER: 0.373913049697876
2024-04-19 11:54:09,924 - root - INFO - Epoch 195; loss: 1.2133561372756958; CER: 0.06249334663152695; WER: 0.29316771030426025; val_loss: 2.456965446472168; val_CER: 0.0712474137544632; val_WER: 0.34202897548675537
2024-04-19 11:54:14,922 - root - INFO - Epoch 196; loss: 1.25514817237854; CER: 0.06476486474275589; WER: 0.2993788719177246; val_loss: 2.3712575435638428; val_CER: 0.06197205185890198; val_WER: 0.3188405930995941
2024-04-19 11:54:19,849 - root - INFO - Epoch 197; loss: 1.111157774925232; CER: 0.05408163741230965; WER: 0.2745341658592224; val_loss: 2.4405622482299805; val_CER: 0.06997930258512497; val_WER: 0.35072463750839233
2024-04-19 11:54:24,980 - root - INFO - Epoch 198; loss: 1.1514219045639038; CER: 0.058089327067136765; WER: 0.27950310707092285; val_loss: 2.4620110988616943; val_CER: 0.0712474063038826; val_WER: 0.3449275493621826
2024-04-19 11:54:30,164 - root - INFO - Epoch 199; loss: 1.0891767740249634; CER: 0.05657793581485748; WER: 0.27577638626098633; val_loss: 2.422614336013794; val_CER: 0.0748102143406868; val_WER: 0.3797101378440857
2024-04-19 11:54:35,272 - root - INFO - Epoch 200; loss: 1.2157248258590698; CER: 0.06530021876096725; WER: 0.31552794575691223; val_loss: 2.359281301498413; val_CER: 0.06689958274364471; val_WER: 0.34202897548675537
2024-04-19 11:54:40,313 - root - INFO - Epoch 201; loss: 1.179467797279358; CER: 0.0596214160323143; WER: 0.2968944013118744; val_loss: 2.323777437210083; val_CER: 0.06255176663398743; val_WER: 0.3275362253189087
2024-04-19 11:54:45,547 - root - INFO - Epoch 202; loss: 1.2049810886383057; CER: 0.060928717255592346; WER: 0.3006211221218109; val_loss: 2.4545862674713135; val_CER: 0.06988268345594406; val_WER: 0.3536231815814972
2024-04-19 11:54:50,631 - root - INFO - Epoch 203; loss: 1.153704285621643; CER: 0.05946465581655502; WER: 0.2844720482826233; val_loss: 2.405456781387329; val_CER: 0.07191167026758194; val_WER: 0.3594202995300293
2024-04-19 11:54:55,657 - root - INFO - Epoch 204; loss: 1.1088848114013672; CER: 0.05940254032611847; WER: 0.2869565188884735; val_loss: 2.327465057373047; val_CER: 0.06303484737873077; val_WER: 0.32463768124580383
2024-04-19 11:55:00,770 - root - INFO - Epoch 205; loss: 1.1045795679092407; CER: 0.05349009111523628; WER: 0.2732919156551361; val_loss: 2.4125611782073975; val_CER: 0.0712474137544632; val_WER: 0.3594202995300293
2024-04-19 11:55:05,931 - root - INFO - Epoch 206; loss: 1.1557796001434326; CER: 0.06116829067468643; WER: 0.313043475151062; val_loss: 2.473567247390747; val_CER: 0.07076431810855865; val_WER: 0.3594202995300293
2024-04-19 11:55:11,112 - root - INFO - Epoch 207; loss: 1.1465661525726318; CER: 0.05905649811029434; WER: 0.2857142984867096; val_loss: 2.4378769397735596; val_CER: 0.0644841268658638; val_WER: 0.321739137172699
2024-04-19 11:55:16,228 - root - INFO - Epoch 208; loss: 1.148445725440979; CER: 0.05783496052026749; WER: 0.2869565188884735; val_loss: 2.439025402069092; val_CER: 0.06738267838954926; val_WER: 0.3478260934352875
2024-04-19 11:55:22,033 - root - INFO - Epoch 209; loss: 1.1194487810134888; CER: 0.057278916239738464; WER: 0.27950310707092285; val_loss: 2.2916259765625; val_CER: 0.05955659598112106; val_WER: 0.31594201922416687
2024-04-19 11:55:27,630 - root - INFO - Epoch 210; loss: 1.0740691423416138; CER: 0.05663708969950676; WER: 0.2732919156551361; val_loss: 2.238579034805298; val_CER: 0.059556592255830765; val_WER: 0.31014493107795715
2024-04-19 11:55:32,810 - root - INFO - Epoch 211; loss: 1.0967625379562378; CER: 0.05706596001982689; WER: 0.2720496952533722; val_loss: 2.4413270950317383; val_CER: 0.07046239078044891; val_WER: 0.3449275493621826
2024-04-19 11:55:38,177 - root - INFO - Epoch 212; loss: 1.0678070783615112; CER: 0.055350493639707565; WER: 0.2745341658592224; val_loss: 2.4395012855529785; val_CER: 0.06611456722021103; val_WER: 0.33043476939201355
2024-04-19 11:55:43,310 - root - INFO - Epoch 213; loss: 1.129447102546692; CER: 0.06031055748462677; WER: 0.2857142984867096; val_loss: 2.2945804595947266; val_CER: 0.06351795047521591; val_WER: 0.32463768124580383
2024-04-19 11:55:48,385 - root - INFO - Epoch 214; loss: 1.152929425239563; CER: 0.06068915128707886; WER: 0.29068323969841003; val_loss: 2.3738229274749756; val_CER: 0.06535369157791138; val_WER: 0.33623188734054565
2024-04-19 11:55:53,268 - root - INFO - Epoch 215; loss: 1.048019528388977; CER: 0.05245785042643547; WER: 0.25465837121009827; val_loss: 1.9604367017745972; val_CER: 0.062068674713373184; val_WER: 0.313043475151062
2024-04-19 11:55:57,927 - root - INFO - Epoch 216; loss: 1.0682172775268555; CER: 0.0554717555642128; WER: 0.28074532747268677; val_loss: 2.3380327224731445; val_CER: 0.06061939150094986; val_WER: 0.3188405930995941
2024-04-19 11:56:07,577 - root - INFO - Epoch 217; loss: 1.0419217348098755; CER: 0.05590061470866203; WER: 0.2708074450492859; val_loss: 2.4244322776794434; val_CER: 0.07028122246265411; val_WER: 0.3536231815814972
2024-04-19 11:56:12,409 - root - INFO - Epoch 218; loss: 1.0190510749816895; CER: 0.05197278782725334; WER: 0.25590062141418457; val_loss: 2.389343738555908; val_CER: 0.06563147157430649; val_WER: 0.3391304314136505
2024-04-19 11:56:17,366 - root - INFO - Epoch 219; loss: 1.0493329763412476; CER: 0.053809523582458496; WER: 0.24968944489955902; val_loss: 2.3955914974212646; val_CER: 0.06641649454832077; val_WER: 0.34202897548675537
2024-04-19 11:56:22,641 - root - INFO - Epoch 220; loss: 1.0475873947143555; CER: 0.054341912269592285; WER: 0.26335403323173523; val_loss: 2.3610031604766846; val_CER: 0.06390441954135895; val_WER: 0.33623188734054565
2024-04-19 11:56:27,924 - root - INFO - Epoch 221; loss: 0.9925641417503357; CER: 0.0520201101899147; WER: 0.25341615080833435; val_loss: 2.3150196075439453; val_CER: 0.05868702754378319; val_WER: 0.3072463870048523
2024-04-19 11:56:32,448 - root - INFO - Epoch 222; loss: 1.0242563486099243; CER: 0.0498402863740921; WER: 0.24099378287792206; val_loss: 2.415782928466797; val_CER: 0.06641649454832077; val_WER: 0.34202897548675537
2024-04-19 11:56:41,910 - root - INFO - Epoch 223; loss: 1.0336596965789795; CER: 0.054063890129327774; WER: 0.2732919156551361; val_loss: 2.327800989151001; val_CER: 0.07173050194978714; val_WER: 0.35072463750839233
2024-04-19 11:56:46,673 - root - INFO - Epoch 224; loss: 0.9496793150901794; CER: 0.05128956213593483; WER: 0.25341615080833435; val_loss: 2.356865167617798; val_CER: 0.06979813426733017; val_WER: 0.36231884360313416
2024-04-19 11:56:51,566 - root - INFO - Epoch 225; loss: 1.0131865739822388; CER: 0.055175986140966415; WER: 0.27577638626098633; val_loss: 2.3749659061431885; val_CER: 0.07028122991323471; val_WER: 0.3594202995300293
2024-04-19 11:56:56,827 - root - INFO - Epoch 226; loss: 0.9368571043014526; CER: 0.049452830106019974; WER: 0.25590062141418457; val_loss: 2.34890079498291; val_CER: 0.06303485482931137; val_WER: 0.32463768124580383
2024-04-19 11:57:01,999 - root - INFO - Epoch 227; loss: 0.9668239951133728; CER: 0.05061224848031998; WER: 0.25093168020248413; val_loss: 2.3041086196899414; val_CER: 0.06351795047521591; val_WER: 0.33043476939201355
2024-04-19 11:57:07,183 - root - INFO - Epoch 228; loss: 0.9817692637443542; CER: 0.05715469270944595; WER: 0.27701863646507263; val_loss: 2.3743929862976074; val_CER: 0.0611024834215641; val_WER: 0.31594201922416687
2024-04-19 11:57:12,291 - root - INFO - Epoch 229; loss: 0.8880714774131775; CER: 0.05030464380979538; WER: 0.25465837121009827; val_loss: 2.3978261947631836; val_CER: 0.06266390532255173; val_WER: 0.3188405930995941
2024-04-19 11:57:17,204 - root - INFO - Epoch 230; loss: 0.9096137881278992; CER: 0.04682934284210205; WER: 0.2322981357574463; val_loss: 2.38179612159729; val_CER: 0.06901311129331589; val_WER: 0.35072463750839233
2024-04-19 11:57:22,271 - root - INFO - Epoch 231; loss: 0.9497601389884949; CER: 0.05293108522891998; WER: 0.26335403323173523; val_loss: 2.338388204574585; val_CER: 0.06255175918340683; val_WER: 0.32463768124580383
2024-04-19 11:57:27,332 - root - INFO - Epoch 232; loss: 0.8333707451820374; CER: 0.04686187952756882; WER: 0.24223601818084717; val_loss: 2.4521591663360596; val_CER: 0.06746721267700195; val_WER: 0.34202897548675537
2024-04-19 11:57:32,423 - root - INFO - Epoch 233; loss: 0.8383423089981079; CER: 0.0442650131881237; WER: 0.22360248863697052; val_loss: 2.4389195442199707; val_CER: 0.06756383925676346; val_WER: 0.3449275493621826
2024-04-19 11:57:37,487 - root - INFO - Epoch 234; loss: 0.9381921887397766; CER: 0.04943803697824478; WER: 0.24223601818084717; val_loss: 2.3641908168792725; val_CER: 0.06514837592840195; val_WER: 0.33623188734054565
2024-04-19 11:57:42,564 - root - INFO - Epoch 235; loss: 0.8652265071868896; CER: 0.04589470848441124; WER: 0.22981366515159607; val_loss: 2.472774028778076; val_CER: 0.0644841268658638; val_WER: 0.3333333432674408
2024-04-19 11:57:47,662 - root - INFO - Epoch 236; loss: 0.9107764959335327; CER: 0.04685300216078758; WER: 0.2335403710603714; val_loss: 2.3679773807525635; val_CER: 0.06418219208717346; val_WER: 0.33043476939201355
2024-04-19 11:57:52,730 - root - INFO - Epoch 237; loss: 0.9277694225311279; CER: 0.04483584687113762; WER: 0.22360248863697052; val_loss: 2.4932117462158203; val_CER: 0.07036576420068741; val_WER: 0.3594202995300293
2024-04-19 11:57:57,730 - root - INFO - Epoch 238; loss: 0.985951840877533; CER: 0.0483170710504055; WER: 0.2459627389907837; val_loss: 2.430561065673828; val_CER: 0.0634213238954544; val_WER: 0.33043476939201355
2024-04-19 11:58:02,871 - root - INFO - Epoch 239; loss: 1.0033468008041382; CER: 0.05442177131772041; WER: 0.26583850383758545; val_loss: 2.4223995208740234; val_CER: 0.06400103121995926; val_WER: 0.3333333432674408
2024-04-19 11:58:08,003 - root - INFO - Epoch 240; loss: 0.8700007796287537; CER: 0.04451049864292145; WER: 0.22981366515159607; val_loss: 2.352642059326172; val_CER: 0.0611024871468544; val_WER: 0.3188405930995941
2024-04-19 11:58:13,036 - root - INFO - Epoch 241; loss: 0.9157125949859619; CER: 0.0527891181409359; WER: 0.2571428716182709; val_loss: 2.388864755630493; val_CER: 0.06738267838954926; val_WER: 0.3391304314136505
2024-04-19 11:58:18,162 - root - INFO - Epoch 242; loss: 0.9052689671516418; CER: 0.04816622659564018; WER: 0.23975154757499695; val_loss: 2.32351016998291; val_CER: 0.06611456722021103; val_WER: 0.33623188734054565
2024-04-19 11:58:23,247 - root - INFO - Epoch 243; loss: 0.8929861783981323; CER: 0.04607217013835907; WER: 0.2335403710603714; val_loss: 2.309321403503418; val_CER: 0.06496722251176834; val_WER: 0.3333333432674408
2024-04-19 11:58:28,299 - root - INFO - Epoch 244; loss: 0.8127925992012024; CER: 0.04612540826201439; WER: 0.23105590045452118; val_loss: 2.4093668460845947; val_CER: 0.062068674713373184; val_WER: 0.321739137172699
2024-04-19 11:58:33,303 - root - INFO - Epoch 245; loss: 0.8030669093132019; CER: 0.04539189860224724; WER: 0.23105590045452118; val_loss: 2.032423496246338; val_CER: 0.06641648709774017; val_WER: 0.3333333432674408
2024-04-19 11:58:38,454 - root - INFO - Epoch 246; loss: 0.8994658589363098; CER: 0.04857734590768814; WER: 0.23975154757499695; val_loss: 2.3381710052490234; val_CER: 0.06303484737873077; val_WER: 0.32463768124580383
2024-04-19 11:58:43,551 - root - INFO - Epoch 247; loss: 0.8907747864723206; CER: 0.05195208638906479; WER: 0.26583850383758545; val_loss: 2.3883776664733887; val_CER: 0.06496722251176834; val_WER: 0.33623188734054565
2024-04-19 11:58:48,668 - root - INFO - Epoch 248; loss: 0.8484053015708923; CER: 0.04379177838563919; WER: 0.2223602533340454; val_loss: 2.0758705139160156; val_CER: 0.06545031070709229; val_WER: 0.3391304314136505
2024-04-19 11:58:53,801 - root - INFO - Epoch 249; loss: 0.8885106444358826; CER: 0.046980179846286774; WER: 0.23726707696914673; val_loss: 2.4071044921875; val_CER: 0.06303484737873077; val_WER: 0.33043476939201355
2024-04-19 11:58:59,028 - root - INFO - Epoch 250; loss: 0.788431704044342; CER: 0.04374741390347481; WER: 0.22484472393989563; val_loss: 2.4179537296295166; val_CER: 0.06061939895153046; val_WER: 0.3188405930995941
2024-04-19 11:59:04,301 - root - INFO - Epoch 251; loss: 0.9483862519264221; CER: 0.04675834998488426; WER: 0.22732919454574585; val_loss: 2.373004198074341; val_CER: 0.06351794302463531; val_WER: 0.33043476939201355
2024-04-19 11:59:09,416 - root - INFO - Epoch 252; loss: 0.8233887553215027; CER: 0.04658384993672371; WER: 0.22857142984867096; val_loss: 2.4215400218963623; val_CER: 0.06496721506118774; val_WER: 0.33623188734054565
2024-04-19 11:59:14,641 - root - INFO - Epoch 253; loss: 0.8268486857414246; CER: 0.046746522188186646; WER: 0.23850931227207184; val_loss: 2.4713845252990723; val_CER: 0.06593339890241623; val_WER: 0.3391304314136505
2024-04-19 11:59:19,933 - root - INFO - Epoch 254; loss: 0.7623348236083984; CER: 0.04354037344455719; WER: 0.22360248863697052; val_loss: 2.4447832107543945; val_CER: 0.06883195787668228; val_WER: 0.3478260934352875
2024-04-19 11:59:25,099 - root - INFO - Epoch 255; loss: 0.7993522882461548; CER: 0.04543035104870796; WER: 0.2223602533340454; val_loss: 2.473161458969116; val_CER: 0.06631987541913986; val_WER: 0.33623188734054565
2024-04-19 11:59:29,982 - root - INFO - Epoch 256; loss: 0.9227542877197266; CER: 0.051200833171606064; WER: 0.25590062141418457; val_loss: 2.427232265472412; val_CER: 0.0644841268658638; val_WER: 0.321739137172699
2024-04-19 11:59:34,619 - root - INFO - Epoch 257; loss: 0.8319419622421265; CER: 0.04660455137491226; WER: 0.24472050368785858; val_loss: 2.5722696781158447; val_CER: 0.0748102217912674; val_WER: 0.3710145056247711
2024-04-19 11:59:39,002 - root - INFO - Epoch 258; loss: 0.7623192071914673; CER: 0.04262644052505493; WER: 0.21242235600948334; val_loss: 2.719583511352539; val_CER: 0.08202899247407913; val_WER: 0.4115942120552063
2024-04-19 11:59:43,435 - root - INFO - Epoch 259; loss: 0.792839527130127; CER: 0.040671397000551224; WER: 0.20124223828315735; val_loss: 2.6000001430511475; val_CER: 0.07864734530448914; val_WER: 0.38260868191719055
2024-04-19 11:59:48,034 - root - INFO - Epoch 260; loss: 0.8211701512336731; CER: 0.04839692637324333; WER: 0.24223601818084717; val_loss: 2.5488662719726562; val_CER: 0.07091787457466125; val_WER: 0.3536231815814972
2024-04-19 11:59:57,549 - root - INFO - Epoch 261; loss: 0.7643205523490906; CER: 0.04290151223540306; WER: 0.22608695924282074; val_loss: 2.4979050159454346; val_CER: 0.07084885984659195; val_WER: 0.36811593174934387
2024-04-19 12:00:02,464 - root - INFO - Epoch 262; loss: 0.7709915041923523; CER: 0.04286009818315506; WER: 0.21490682661533356; val_loss: 2.4601986408233643; val_CER: 0.06843340396881104; val_WER: 0.3449275493621826
2024-04-19 12:00:07,180 - root - INFO - Epoch 263; loss: 0.8295207619667053; CER: 0.04775509983301163; WER: 0.2322981357574463; val_loss: 2.4433436393737793; val_CER: 0.06708075106143951; val_WER: 0.33623188734054565
2024-04-19 12:00:17,052 - root - INFO - Epoch 264; loss: 0.7970179915428162; CER: 0.044167403131723404; WER: 0.2198757827281952; val_loss: 2.5010035037994385; val_CER: 0.06756383180618286; val_WER: 0.34202897548675537
2024-04-19 12:00:21,629 - root - INFO - Epoch 265; loss: 0.7509350180625916; CER: 0.044412896037101746; WER: 0.22981366515159607; val_loss: 2.364394187927246; val_CER: 0.06400103121995926; val_WER: 0.32463768124580383
2024-04-19 12:00:26,271 - root - INFO - Epoch 266; loss: 0.7538074851036072; CER: 0.04320615157485008; WER: 0.2198757827281952; val_loss: 2.488119602203369; val_CER: 0.06545031815767288; val_WER: 0.33043476939201355
2024-04-19 12:00:36,018 - root - INFO - Epoch 267; loss: 0.7332204580307007; CER: 0.041070688515901566; WER: 0.21490682661533356; val_loss: 2.4557371139526367; val_CER: 0.06158557906746864; val_WER: 0.321739137172699
2024-04-19 12:00:40,539 - root - INFO - Epoch 268; loss: 0.7180708050727844; CER: 0.040863651782274246; WER: 0.21366459131240845; val_loss: 2.458714723587036; val_CER: 0.061585571616888046; val_WER: 0.3188405930995941
2024-04-19 12:00:44,962 - root - INFO - Epoch 269; loss: 0.7944402098655701; CER: 0.04409051313996315; WER: 0.22857142984867096; val_loss: 2.4107096195220947; val_CER: 0.06496722251176834; val_WER: 0.33623188734054565
2024-04-19 12:00:49,736 - root - INFO - Epoch 270; loss: 0.7485603094100952; CER: 0.04472345486283302; WER: 0.22608695924282074; val_loss: 2.443852663040161; val_CER: 0.06400103867053986; val_WER: 0.3333333432674408
2024-04-19 12:00:54,533 - root - INFO - Epoch 271; loss: 0.7039956450462341; CER: 0.042463768273591995; WER: 0.21242235600948334; val_loss: 2.426236391067505; val_CER: 0.06708075106143951; val_WER: 0.34202897548675537
2024-04-19 12:01:06,194 - tf2onnx.tfonnx - INFO - Using tensorflow=2.15.0, onnx=1.15.0, tf2onnx=1.16.1/15c810
2024-04-19 12:01:06,194 - tf2onnx.tfonnx - INFO - Using opset <onnx, 15>
2024-04-19 12:01:06,950 - tf2onnx.tf_utils - INFO - Computed 0 values for constant folding
2024-04-19 12:01:06,967 - tf2onnx.tf_utils - INFO - Computed 0 values for constant folding
2024-04-19 12:01:07,000 - tf2onnx.tf_utils - INFO - Computed 0 values for constant folding
2024-04-19 12:01:07,029 - tf2onnx.tf_utils - INFO - Computed 0 values for constant folding
2024-04-19 12:01:07,229 - tf2onnx.tf_utils - INFO - Computed 2 values for constant folding
2024-04-19 12:01:07,739 - tf2onnx.tfonnx - INFO - folding node using tf type=StridedSlice, name=model/bidirectional/forward_lstm/PartitionedCall/strided_slice
2024-04-19 12:01:07,741 - tf2onnx.tfonnx - INFO - folding node using tf type=StridedSlice, name=model/bidirectional/backward_lstm/PartitionedCall/strided_slice
2024-04-19 12:01:08,700 - tf2onnx.optimizer - INFO - Optimizing ONNX model
2024-04-19 12:01:12,791 - tf2onnx.optimizer - INFO - After optimization: BatchNormalization -18 (18->0), Cast -4 (11->7), Concat -4 (10->6), Const -129 (194->65), Expand -3 (4->1), Gather +2 (2->4), Identity -2 (2->0), Shape -1 (4->3), Slice -1 (5->4), Squeeze -3 (5->2), Transpose -83 (87->4), Unsqueeze -14 (17->3)
